<?xml version="1.0" encoding="UTF-8"?>
<!-- Generated by org.testng.reporters.JUnitXMLReporter -->
<testsuite ignored="0" hostname="MSI" failures="1" tests="1" name="Surefire test" time="1.415" errors="0" timestamp="2026-05-26T11:58:17 IST">
  <testcase classname="com.automation.practice_testng.Test2_Annotations" name="@AfterMethod afterMethod" time="0.074">
    <failure type="org.openqa.selenium.ElementNotInteractableException" message="element not interactable
  (Session info: chrome=148.0.7778.179)
Build info: version: &amp;apos;4.41.0&amp;apos;, revision: &amp;apos;9fc754f&amp;apos;
System info: os.name: &amp;apos;Windows 11&amp;apos;, os.arch: &amp;apos;amd64&amp;apos;, os.version: &amp;apos;10.0&amp;apos;, java.version: &amp;apos;25.0.1&amp;apos;
Driver info: org.openqa.selenium.chrome.ChromeDriver
Command: [adb7d06f9039d1c5158a2d502e9ab64f, clickElement {id=f.086CA8CF42DD3AF0A12C645876997F9E.d.FF2D7F30A2C8D5A3B1D608EB9E3A4DE2.e.69}]
Capabilities {acceptInsecureCerts: false, browserName: chrome, browserVersion: 148.0.7778.179, chrome: {chromedriverVersion: 148.0.7778.178 (d096af1c9e9..., userDataDir: C:\Users\iLink-10\AppData\L...}, fedcm:accounts: true, goog:chromeOptions: {debuggerAddress: localhost:63000}, goog:processID: 51232, networkConnectionEnabled: false, pageLoadStrategy: normal, platformName: windows, proxy: Proxy(), se:cdp: ws://localhost:63000/devtoo..., se:cdpVersion: 148.0.7778.179, setWindowRect: true, strictFileInteractability: false, timeouts: {implicit: 0, pageLoad: 300000, script: 30000}, unhandledPromptBehavior: dismiss and notify, webauthn:extension:credBlob: true, webauthn:extension:largeBlob: true, webauthn:extension:minPinLength: true, webauthn:extension:prf: true, webauthn:virtualAuthenticators: true}
Element: [[ChromeDriver: chrome on windows (adb7d06f9039d1c5158a2d502e9ab64f)] -&amp;gt; css selector: #logout_sidebar_link]
Session ID: adb7d06f9039d1c5158a2d502e9ab64f">
      <![CDATA[org.openqa.selenium.ElementNotInteractableException: element not interactable
  (Session info: chrome=148.0.7778.179)
Build info: version: '4.41.0', revision: '9fc754f'
System info: os.name: 'Windows 11', os.arch: 'amd64', os.version: '10.0', java.version: '25.0.1'
Driver info: org.openqa.selenium.chrome.ChromeDriver
Command: [adb7d06f9039d1c5158a2d502e9ab64f, clickElement {id=f.086CA8CF42DD3AF0A12C645876997F9E.d.FF2D7F30A2C8D5A3B1D608EB9E3A4DE2.e.69}]
Capabilities {acceptInsecureCerts: false, browserName: chrome, browserVersion: 148.0.7778.179, chrome: {chromedriverVersion: 148.0.7778.178 (d096af1c9e9..., userDataDir: C:\Users\iLink-10\AppData\L...}, fedcm:accounts: true, goog:chromeOptions: {debuggerAddress: localhost:63000}, goog:processID: 51232, networkConnectionEnabled: false, pageLoadStrategy: normal, platformName: windows, proxy: Proxy(), se:cdp: ws://localhost:63000/devtoo..., se:cdpVersion: 148.0.7778.179, setWindowRect: true, strictFileInteractability: false, timeouts: {implicit: 0, pageLoad: 300000, script: 30000}, unhandledPromptBehavior: dismiss and notify, webauthn:extension:credBlob: true, webauthn:extension:largeBlob: true, webauthn:extension:minPinLength: true, webauthn:extension:prf: true, webauthn:virtualAuthenticators: true}
Element: [[ChromeDriver: chrome on windows (adb7d06f9039d1c5158a2d502e9ab64f)] -> css selector: #logout_sidebar_link]
Session ID: adb7d06f9039d1c5158a2d502e9ab64f
at org.openqa.selenium.remote.ErrorCodec.decode(ErrorCodec.java:169)
at org.openqa.selenium.remote.codec.w3c.W3CHttpResponseCodec.decode(W3CHttpResponseCodec.java:142)
at org.openqa.selenium.remote.codec.w3c.W3CHttpResponseCodec.decode(W3CHttpResponseCodec.java:49)
at org.openqa.selenium.remote.HttpCommandExecutor.execute(HttpCommandExecutor.java:223)
at org.openqa.selenium.remote.service.DriverCommandExecutor.invokeExecute(DriverCommandExecutor.java:216)
at org.openqa.selenium.remote.service.DriverCommandExecutor.execute(DriverCommandExecutor.java:174)
at org.openqa.selenium.remote.RemoteWebDriver.execute(RemoteWebDriver.java:604)
at org.openqa.selenium.remote.RemoteWebElement.execute(RemoteWebElement.java:223)
at org.openqa.selenium.remote.RemoteWebElement.click(RemoteWebElement.java:76)
at com.automation.practice_testng.Test2_Annotations.afterMethod(Test2_Annotations.java:37)
at java.base/java.util.ArrayList.forEach(ArrayList.java:1604)
... Removed 35 stack frames]]>
    </failure>
  </testcase> <!-- @AfterMethod afterMethod -->
  <testcase classname="com.automation.practice_testng.Test2_Annotations" name="test1" time="0.336">
    <failure type="org.openqa.selenium.NoSuchElementException" message="no such element: Unable to locate element: {&amp;quot;method&amp;quot;:&amp;quot;xpath&amp;quot;,&amp;quot;selector&amp;quot;:&amp;quot;//button[@id=&amp;apos;finish&amp;apos;]&amp;quot;}
  (Session info: chrome=148.0.7778.179)
For documentation on this error, please visit: https://www.selenium.dev/documentation/webdriver/troubleshooting/errors#nosuchelementexception
Build info: version: &amp;apos;4.41.0&amp;apos;, revision: &amp;apos;9fc754f&amp;apos;
System info: os.name: &amp;apos;Windows 11&amp;apos;, os.arch: &amp;apos;amd64&amp;apos;, os.version: &amp;apos;10.0&amp;apos;, java.version: &amp;apos;25.0.1&amp;apos;
Driver info: org.openqa.selenium.chrome.ChromeDriver
Command: [adb7d06f9039d1c5158a2d502e9ab64f, findElement {using=xpath, value=//button[@id=&amp;apos;finish&amp;apos;]}]
Capabilities {acceptInsecureCerts: false, browserName: chrome, browserVersion: 148.0.7778.179, chrome: {chromedriverVersion: 148.0.7778.178 (d096af1c9e9..., userDataDir: C:\Users\iLink-10\AppData\L...}, fedcm:accounts: true, goog:chromeOptions: {debuggerAddress: localhost:63000}, goog:processID: 51232, networkConnectionEnabled: false, pageLoadStrategy: normal, platformName: windows, proxy: Proxy(), se:cdp: ws://localhost:63000/devtoo..., se:cdpVersion: 148.0.7778.179, setWindowRect: true, strictFileInteractability: false, timeouts: {implicit: 0, pageLoad: 300000, script: 30000}, unhandledPromptBehavior: dismiss and notify, webauthn:extension:credBlob: true, webauthn:extension:largeBlob: true, webauthn:extension:minPinLength: true, webauthn:extension:prf: true, webauthn:virtualAuthenticators: true}
Session ID: adb7d06f9039d1c5158a2d502e9ab64f">
      <![CDATA[org.openqa.selenium.NoSuchElementException: no such element: Unable to locate element: {"method":"xpath","selector":"//button[@id='finish']"}
  (Session info: chrome=148.0.7778.179)
For documentation on this error, please visit: https://www.selenium.dev/documentation/webdriver/troubleshooting/errors#nosuchelementexception
Build info: version: '4.41.0', revision: '9fc754f'
System info: os.name: 'Windows 11', os.arch: 'amd64', os.version: '10.0', java.version: '25.0.1'
Driver info: org.openqa.selenium.chrome.ChromeDriver
Command: [adb7d06f9039d1c5158a2d502e9ab64f, findElement {using=xpath, value=//button[@id='finish']}]
Capabilities {acceptInsecureCerts: false, browserName: chrome, browserVersion: 148.0.7778.179, chrome: {chromedriverVersion: 148.0.7778.178 (d096af1c9e9..., userDataDir: C:\Users\iLink-10\AppData\L...}, fedcm:accounts: true, goog:chromeOptions: {debuggerAddress: localhost:63000}, goog:processID: 51232, networkConnectionEnabled: false, pageLoadStrategy: normal, platformName: windows, proxy: Proxy(), se:cdp: ws://localhost:63000/devtoo..., se:cdpVersion: 148.0.7778.179, setWindowRect: true, strictFileInteractability: false, timeouts: {implicit: 0, pageLoad: 300000, script: 30000}, unhandledPromptBehavior: dismiss and notify, webauthn:extension:credBlob: true, webauthn:extension:largeBlob: true, webauthn:extension:minPinLength: true, webauthn:extension:prf: true, webauthn:virtualAuthenticators: true}
Session ID: adb7d06f9039d1c5158a2d502e9ab64f
at org.openqa.selenium.remote.ErrorCodec.decode(ErrorCodec.java:169)
at org.openqa.selenium.remote.codec.w3c.W3CHttpResponseCodec.decode(W3CHttpResponseCodec.java:142)
at org.openqa.selenium.remote.codec.w3c.W3CHttpResponseCodec.decode(W3CHttpResponseCodec.java:49)
at org.openqa.selenium.remote.HttpCommandExecutor.execute(HttpCommandExecutor.java:223)
at org.openqa.selenium.remote.service.DriverCommandExecutor.invokeExecute(DriverCommandExecutor.java:216)
at org.openqa.selenium.remote.service.DriverCommandExecutor.execute(DriverCommandExecutor.java:174)
at org.openqa.selenium.remote.RemoteWebDriver.execute(RemoteWebDriver.java:604)
at org.openqa.selenium.remote.ElementLocation$ElementFinder$2.findElement(ElementLocation.java:166)
at org.openqa.selenium.remote.ElementLocation.findElement(ElementLocation.java:60)
at org.openqa.selenium.remote.RemoteWebDriver.findElement(RemoteWebDriver.java:427)
at org.openqa.selenium.remote.RemoteWebDriver.findElement(RemoteWebDriver.java:421)
at com.automation.practice_testng.Test2_Annotations.test1(Test2_Annotations.java:31)
at java.base/java.util.ArrayList.forEach(ArrayList.java:1604)
... Removed 30 stack frames]]>
    </failure>
  </testcase> <!-- test1 -->
</testsuite> <!-- Surefire test -->
