<?xml version="1.0" encoding="UTF-8"?>
<testng-results ignored="0" total="3" passed="3" failed="0" skipped="0">
  <reporter-output>
  </reporter-output>
  <suite started-at="2026-05-26T12:21:31 IST" name="practice_suite" finished-at="2026-05-26T12:21:34 IST" duration-ms="2786">
    <groups>
    </groups>
    <test started-at="2026-05-26T12:21:31 IST" name="practice_test" finished-at="2026-05-26T12:21:34 IST" duration-ms="2786">
      <class name="com.automation.practice_testng.Test1">
        <test-method signature="print()[pri:0, instance:com.automation.practice_testng.Test1@2805c96b]" started-at="2026-05-26T12:21:31 IST" name="print" finished-at="2026-05-26T12:21:31 IST" duration-ms="6" status="PASS">
          <reporter-output>
          </reporter-output>
        </test-method> <!-- print -->
        <test-method signature="openGoogle()[pri:1, instance:com.automation.practice_testng.Test1@2805c96b]" started-at="2026-05-26T12:21:31 IST" name="openGoogle" finished-at="2026-05-26T12:21:34 IST" duration-ms="2746" status="PASS">
          <reporter-output>
          </reporter-output>
        </test-method> <!-- openGoogle -->
        <test-method signature="printName()[pri:2, instance:com.automation.practice_testng.Test1@2805c96b]" started-at="2026-05-26T12:21:34 IST" name="printName" finished-at="2026-05-26T12:21:34 IST" duration-ms="1" status="PASS">
          <reporter-output>
          </reporter-output>
        </test-method> <!-- printName -->
      </class> <!-- com.automation.practice_testng.Test1 -->
    </test> <!-- practice_test -->
  </suite> <!-- practice_suite -->
</testng-results>
