<?xml version="1.0" encoding="UTF-8"?>
<!-- Generated by org.testng.reporters.JUnitReportReporter -->
<testsuite hostname="MSI" failures="0" tests="3" name="com.automation.practice_testng.Test1" time="2.753" errors="0" timestamp="2026-05-26T12:21:34 IST" skipped="0">
  <testcase classname="com.automation.practice_testng.Test1" name="print" time="0.006"/>
  <testcase classname="com.automation.practice_testng.Test1" name="openGoogle" time="2.746"/>
  <testcase classname="com.automation.practice_testng.Test1" name="printName" time="0.001"/>
</testsuite> <!-- com.automation.practice_testng.Test1 -->
